-------------------------------------------------------------------------------
Test set: app.weather.home.WeatherForecastServiceApplicationTests
-------------------------------------------------------------------------------
Tests run: 1, Failures: 0, Errors: 1, Skipped: 0, Time elapsed: 9.564 s <<< FAILURE! - in app.weather.home.WeatherForecastServiceApplicationTests
contextLoads  Time elapsed: 0.052 s  <<< ERROR!
java.lang.Error: 
Unresolved compilation problems: 
	The method builder() is undefined for the type LocationInfo
	The method builder() is undefined for the type LocationInfo


